\BOOKMARK [2][-]{section*.1}{\376\377\000S\000u\000m\000m\000a\000r\000y}{}% 1
\BOOKMARK [2][-]{section*.2}{\376\377\000B\000a\000c\000k\000g\000r\000o\000u\000n\000d}{}% 2
\BOOKMARK [3][-]{section*.3}{\376\377\000F\000o\000r\000e\000s\000t\000s\000\040\000i\000n\000\040\000t\000h\000e\000\040\000g\000l\000o\000b\000a\000l\000\040\000C\000\040\000c\000y\000c\000l\000e\000:\000\040\000c\000u\000r\000r\000e\000n\000t\000\040\000a\000n\000d\000\040\000f\000u\000t\000u\000r\000e}{section*.2}% 3
\BOOKMARK [3][-]{section*.4}{\376\377\000E\000v\000o\000l\000u\000t\000i\000o\000n\000\040\000o\000f\000\040\000f\000o\000r\000e\000s\000t\000\040\000C\000\040\000c\000y\000c\000l\000e\000\040\000r\000e\000s\000e\000a\000r\000c\000h}{section*.2}% 4
\BOOKMARK [3][-]{section*.5}{\376\377\000B\000i\000o\000m\000e\000\040\000d\000i\000f\000f\000e\000r\000e\000n\000c\000e\000s}{section*.2}% 5
\BOOKMARK [3][-]{section*.6}{\376\377\000A\000g\000e\000\040\000t\000r\000e\000n\000d\000s\000\040\000a\000n\000d\000\040\000t\000h\000e\000i\000r\000\040\000v\000a\000r\000i\000a\000t\000i\000o\000n\000\040\000a\000c\000r\000o\000s\000s\000\040\000b\000i\000o\000m\000e\000s}{section*.2}% 6
\BOOKMARK [2][-]{section*.9}{\376\377\000M\000e\000t\000h\000o\000d\000s\000/\000\040\000D\000e\000s\000i\000g\000n}{}% 7
\BOOKMARK [2][-]{section*.11}{\376\377\000R\000e\000v\000i\000e\000w\000\040\000R\000e\000s\000u\000l\000t\000s\000/\000\040\000S\000y\000n\000t\000h\000e\000s\000i\000s}{}% 8
\BOOKMARK [3][-]{section*.12}{\376\377\000D\000a\000t\000a\000\040\000C\000o\000v\000e\000r\000a\000g\000e}{section*.11}% 9
\BOOKMARK [3][-]{section*.13}{\376\377\000C\000\040\000c\000y\000c\000l\000i\000n\000g\000\040\000i\000n\000\040\000m\000a\000t\000u\000r\000e\000\040\000f\000o\000r\000e\000s\000t\000s}{section*.11}% 10
\BOOKMARK [3][-]{section*.20}{\376\377\000C\000\040\000c\000y\000c\000l\000i\000n\000g\000\040\000i\000n\000\040\000y\000o\000u\000n\000g\000\040\000f\000o\000r\000e\000s\000t\000s}{section*.11}% 11
\BOOKMARK [2][-]{section*.22}{\376\377\000D\000i\000s\000c\000u\000s\000s\000i\000o\000n}{}% 12
\BOOKMARK [3][-]{section*.23}{\376\377\000C\000\040\000c\000y\000c\000l\000i\000n\000g\000\040\000a\000c\000r\000o\000s\000s\000\040\000b\000i\000o\000m\000e\000s}{section*.22}% 13
\BOOKMARK [3][-]{section*.24}{\376\377\000A\000g\000e\000\040\000t\000r\000e\000n\000d\000s\000\040\000i\000n\000\040\000C\000\040\000c\000y\000c\000l\000i\000n\000g}{section*.22}% 14
\BOOKMARK [3][-]{section*.25}{\376\377\000C\000\040\000v\000a\000r\000i\000a\000b\000l\000e\000\040\000c\000o\000v\000e\000r\000a\000g\000e\000\040\000a\000n\000d\000\040\000b\000u\000d\000g\000e\000t\000\040\000c\000l\000o\000s\000u\000r\000e}{section*.22}% 15
\BOOKMARK [3][-]{section*.26}{\376\377\000R\000e\000l\000e\000v\000a\000n\000c\000e\000\040\000f\000o\000r\000\040\000c\000l\000i\000m\000a\000t\000e\000\040\000c\000h\000a\000n\000g\000e\000\040\000p\000r\000e\000d\000i\000c\000t\000i\000o\000n\000\040\000a\000n\000d\000\040\000m\000i\000t\000i\000g\000a\000t\000i\000o\000n}{section*.22}% 16
\BOOKMARK [3][-]{section*.27}{\376\377\000C\000o\000n\000c\000l\000u\000s\000i\000o\000n\000s}{section*.22}% 17
\BOOKMARK [2][-]{section*.28}{\376\377\000A\000c\000k\000n\000o\000w\000l\000e\000d\000g\000e\000m\000e\000n\000t\000s}{}% 18
\BOOKMARK [2][-]{section*.29}{\376\377\000D\000a\000t\000a\000\040\000a\000v\000a\000i\000l\000a\000b\000i\000l\000i\000t\000y\000\040\000s\000t\000a\000t\000e\000m\000e\000n\000t}{}% 19
\BOOKMARK [2][-]{section*.30}{\376\377\000R\000e\000f\000e\000r\000e\000n\000c\000e\000s}{}% 20
